<?xml version="1.0" encoding="UTF-8"?>
<testsuite xmlns:xsi="http://www.w3.org/2001/XMLSchema-instance" xsi:schemaLocation="https://maven.apache.org/surefire/maven-surefire-plugin/xsd/surefire-test-report.xsd" name="MailAutomationTest.MailRu.CucumberProjectTest" time="85.938" tests="36" errors="2" skipped="3" failures="0">
  <properties>
[...]
</properties>
  <testcase name="Given I am on main application page" classname="Scenario: Test positive there is page mail.ru" time="0.019"/>
  <testcase name="And I see mail logo" classname="Scenario: Test positive there is page mail.ru" time="0"/>
  <testcase name="Then I make screenshot" classname="Scenario: Test positive there is page mail.ru" time="0"/>
  <testcase name="Scenario: Test positive there is page mail.ru" classname="Scenario: Test positive there is page mail.ru" time="0.124"/>
  <testcase name="Given I am on main application page" classname="Scenario: Test positive Login on mailru" time="0"/>
  <testcase name="And I see mail logo" classname="Scenario: Test positive Login on mailru" time="0"/>
  <testcase name="And I enter login data" classname="Scenario: Test positive Login on mailru" time="0"/>
  <testcase name="Then I make screenshot" classname="Scenario: Test positive Login on mailru" time="0"/>
  <testcase name="And I log out" classname="Scenario: Test positive Login on mailru" time="0"/>
  <testcase name="Scenario: Test positive Login on mailru" classname="Scenario: Test positive Login on mailru" time="0.002"/>
  <testcase name="Given I am on main application page" classname="Scenario: Test positive remove email to spam" time="0"/>
  <testcase name="And I remove email to spam" classname="Scenario: Test positive remove email to spam" time="0"/>
  <testcase name="Then I make screenshot" classname="Scenario: Test positive remove email to spam" time="0"/>
  <testcase name="And I log out" classname="Scenario: Test positive remove email to spam" time="0"/>
  <testcase name="Scenario: Test positive remove email to spam" classname="Scenario: Test positive remove email to spam" time="0.002"/>
  <testcase name="Given I am on main application page" classname="Scenario: Test positive create and send email" time="0"/>
  <testcase name="And I create email and send email" classname="Scenario: Test positive create and send email" time="0"/>
  <testcase name="Then I make screenshot" classname="Scenario: Test positive create and send email" time="0"/>
  <testcase name="And I log out" classname="Scenario: Test positive create and send email" time="0"/>
  <testcase name="Scenario: Test positive create and send email" classname="Scenario: Test positive create and send email" time="0.003"/>
  <testcase name="Given I am on main application page" classname="Scenario: Test positive check search field mail.ru" time="0"/>
  <testcase name="And I see mail logo" classname="Scenario: Test positive check search field mail.ru" time="0"/>
  <testcase name="And I am on search field" classname="Scenario: Test positive check search field mail.ru" time="0"/>
  <testcase name="And I enter the data" classname="Scenario: Test positive check search field mail.ru" time="0"/>
  <testcase name="And I click submit" classname="Scenario: Test positive check search field mail.ru" time="0"/>
  <testcase name="And I see page with news" classname="Scenario: Test positive check search field mail.ru" time="0"/>
  <testcase name="Then I make screenshot" classname="Scenario: Test positive check search field mail.ru" time="0"/>
  <testcase name="Scenario: Test positive check search field mail.ru" classname="Scenario: Test positive check search field mail.ru" time="0.001"/>
  <testcase name="Given I am on main application page" classname="Scenario: Test positive check exists email address mail.ru" time="0"/>
  <testcase name="And I see mail logo" classname="Scenario: Test positive check exists email address mail.ru" time="0"/>
  <testcase name="And I click on sing up" classname="Scenario: Test positive check exists email address mail.ru" time="0"/>
  <testcase name="And I enter email" classname="Scenario: Test positive check exists email address mail.ru" time="0.034">
    <error message="stale element reference: element is not attached to the page document&#10;  (Session info: chrome=73.0.3683.86)&#10;  (Driver info: chromedriver=73.0.3683.20 (8e2b610813e167eee3619ac4ce6e42e3ec622017),platform=Windows NT 10.0.17134 x86_64) (WARNING: The server did not provide any stacktrace information)&#10;Command duration or timeout: 0 milliseconds&#10;For documentation on this error, please visit: https://www.seleniumhq.org/exceptions/stale_element_reference.html&#10;Build info: version: &apos;3.141.59&apos;, revision: &apos;e82be7d358&apos;, time: &apos;2018-11-14T08:17:03&apos;&#10;System info: host: &apos;DESKTOP-BKNN6JL&apos;, ip: &apos;192.168.100.10&apos;, os.name: &apos;Windows 10&apos;, os.arch: &apos;amd64&apos;, os.version: &apos;10.0&apos;, java.version: &apos;1.8.0_161&apos;&#10;Driver info: org.openqa.selenium.chrome.ChromeDriver&#10;Capabilities {acceptInsecureCerts: false, acceptSslCerts: false, applicationCacheEnabled: false, browserConnectionEnabled: false, browserName: chrome, chrome: {chromedriverVersion: 73.0.3683.20 (8e2b610813e16..., userDataDir: C:\Users\User-PC\AppData\Lo...}, cssSelectorsEnabled: true, databaseEnabled: false, goog:chromeOptions: {debuggerAddress: localhost:50181}, handlesAlerts: true, hasTouchScreen: false, javascriptEnabled: true, locationContextEnabled: true, mobileEmulationEnabled: false, nativeEvents: true, networkConnectionEnabled: false, pageLoadStrategy: normal, platform: XP, platformName: XP, proxy: Proxy(), rotatable: false, setWindowRect: true, strictFileInteractability: false, takesHeapSnapshot: true, takesScreenshot: true, timeouts: {implicit: 0, pageLoad: 300000, script: 30000}, unexpectedAlertBehaviour: ignore, unhandledPromptBehavior: ignore, version: 73.0.3683.86, webStorageEnabled: true}&#10;Session ID: e8eb92640e761b947f773e665f22ecfb" type="org.openqa.selenium.StaleElementReferenceException">org.openqa.selenium.StaleElementReferenceException: 
stale element reference: element is not attached to the page document
  (Session info: chrome=73.0.3683.86)
  (Driver info: chromedriver=73.0.3683.20 (8e2b610813e167eee3619ac4ce6e42e3ec622017),platform=Windows NT 10.0.17134 x86_64) (WARNING: The server did not provide any stacktrace information)
Command duration or timeout: 0 milliseconds
For documentation on this error, please visit: https://www.seleniumhq.org/exceptions/stale_element_reference.html
Build info: version: '3.141.59', revision: 'e82be7d358', time: '2018-11-14T08:17:03'
System info: host: 'DESKTOP-BKNN6JL', ip: '192.168.100.10', os.name: 'Windows 10', os.arch: 'amd64', os.version: '10.0', java.version: '1.8.0_161'
Driver info: org.openqa.selenium.chrome.ChromeDriver
Capabilities {acceptInsecureCerts: false, acceptSslCerts: false, applicationCacheEnabled: false, browserConnectionEnabled: false, browserName: chrome, chrome: {chromedriverVersion: 73.0.3683.20 (8e2b610813e16..., userDataDir: C:\Users\User-PC\AppData\Lo...}, cssSelectorsEnabled: true, databaseEnabled: false, goog:chromeOptions: {debuggerAddress: localhost:50181}, handlesAlerts: true, hasTouchScreen: false, javascriptEnabled: true, locationContextEnabled: true, mobileEmulationEnabled: false, nativeEvents: true, networkConnectionEnabled: false, pageLoadStrategy: normal, platform: XP, platformName: XP, proxy: Proxy(), rotatable: false, setWindowRect: true, strictFileInteractability: false, takesHeapSnapshot: true, takesScreenshot: true, timeouts: {implicit: 0, pageLoad: 300000, script: 30000}, unexpectedAlertBehaviour: ignore, unhandledPromptBehavior: ignore, version: 73.0.3683.86, webStorageEnabled: true}
Session ID: e8eb92640e761b947f773e665f22ecfb
</error>
  </testcase>
  <testcase name="Scenario: Test positive check exists email address mail.ru" classname="Scenario: Test positive check exists email address mail.ru" time="0.034">
    <error message="stale element reference: element is not attached to the page document&#10;  (Session info: chrome=73.0.3683.86)&#10;  (Driver info: chromedriver=73.0.3683.20 (8e2b610813e167eee3619ac4ce6e42e3ec622017),platform=Windows NT 10.0.17134 x86_64) (WARNING: The server did not provide any stacktrace information)&#10;Command duration or timeout: 0 milliseconds&#10;For documentation on this error, please visit: https://www.seleniumhq.org/exceptions/stale_element_reference.html&#10;Build info: version: &apos;3.141.59&apos;, revision: &apos;e82be7d358&apos;, time: &apos;2018-11-14T08:17:03&apos;&#10;System info: host: &apos;DESKTOP-BKNN6JL&apos;, ip: &apos;192.168.100.10&apos;, os.name: &apos;Windows 10&apos;, os.arch: &apos;amd64&apos;, os.version: &apos;10.0&apos;, java.version: &apos;1.8.0_161&apos;&#10;Driver info: org.openqa.selenium.chrome.ChromeDriver&#10;Capabilities {acceptInsecureCerts: false, acceptSslCerts: false, applicationCacheEnabled: false, browserConnectionEnabled: false, browserName: chrome, chrome: {chromedriverVersion: 73.0.3683.20 (8e2b610813e16..., userDataDir: C:\Users\User-PC\AppData\Lo...}, cssSelectorsEnabled: true, databaseEnabled: false, goog:chromeOptions: {debuggerAddress: localhost:50181}, handlesAlerts: true, hasTouchScreen: false, javascriptEnabled: true, locationContextEnabled: true, mobileEmulationEnabled: false, nativeEvents: true, networkConnectionEnabled: false, pageLoadStrategy: normal, platform: XP, platformName: XP, proxy: Proxy(), rotatable: false, setWindowRect: true, strictFileInteractability: false, takesHeapSnapshot: true, takesScreenshot: true, timeouts: {implicit: 0, pageLoad: 300000, script: 30000}, unexpectedAlertBehaviour: ignore, unhandledPromptBehavior: ignore, version: 73.0.3683.86, webStorageEnabled: true}&#10;Session ID: e8eb92640e761b947f773e665f22ecfb" type="org.openqa.selenium.StaleElementReferenceException">org.openqa.selenium.StaleElementReferenceException: 
stale element reference: element is not attached to the page document
  (Session info: chrome=73.0.3683.86)
  (Driver info: chromedriver=73.0.3683.20 (8e2b610813e167eee3619ac4ce6e42e3ec622017),platform=Windows NT 10.0.17134 x86_64) (WARNING: The server did not provide any stacktrace information)
Command duration or timeout: 0 milliseconds
For documentation on this error, please visit: https://www.seleniumhq.org/exceptions/stale_element_reference.html
Build info: version: '3.141.59', revision: 'e82be7d358', time: '2018-11-14T08:17:03'
System info: host: 'DESKTOP-BKNN6JL', ip: '192.168.100.10', os.name: 'Windows 10', os.arch: 'amd64', os.version: '10.0', java.version: '1.8.0_161'
Driver info: org.openqa.selenium.chrome.ChromeDriver
Capabilities {acceptInsecureCerts: false, acceptSslCerts: false, applicationCacheEnabled: false, browserConnectionEnabled: false, browserName: chrome, chrome: {chromedriverVersion: 73.0.3683.20 (8e2b610813e16..., userDataDir: C:\Users\User-PC\AppData\Lo...}, cssSelectorsEnabled: true, databaseEnabled: false, goog:chromeOptions: {debuggerAddress: localhost:50181}, handlesAlerts: true, hasTouchScreen: false, javascriptEnabled: true, locationContextEnabled: true, mobileEmulationEnabled: false, nativeEvents: true, networkConnectionEnabled: false, pageLoadStrategy: normal, platform: XP, platformName: XP, proxy: Proxy(), rotatable: false, setWindowRect: true, strictFileInteractability: false, takesHeapSnapshot: true, takesScreenshot: true, timeouts: {implicit: 0, pageLoad: 300000, script: 30000}, unexpectedAlertBehaviour: ignore, unhandledPromptBehavior: ignore, version: 73.0.3683.86, webStorageEnabled: true}
Session ID: e8eb92640e761b947f773e665f22ecfb
</error>
  </testcase>
  <testcase name="And I click registration" classname="Scenario: Test positive check exists email address mail.ru" time="0">
    <skipped/>
  </testcase>
  <testcase name="And I see error info about existing" classname="Scenario: Test positive check exists email address mail.ru" time="0">
    <skipped/>
  </testcase>
  <testcase name="Then I make screenshot" classname="Scenario: Test positive check exists email address mail.ru" time="0">
    <skipped/>
  </testcase>
</testsuite>